Compiling the C compiler identification source file "CMakeCCompilerId.c" failed.
Compiler: C:/VSARM/armcc/10 2021.10/bin/arm-none-eabi-gcc.exe 
Build flags: ;-mcpu=cortex-m0plus;-mthumb
Id flags:  

The output was:
1
c:/vsarm/armcc/10 2021.10/bin/../lib/gcc/arm-none-eabi/10.3.1/../../../../arm-none-eabi/bin/ld.exe: c:/vsarm/armcc/10 2021.10/bin/../lib/gcc/arm-none-eabi/10.3.1/../../../../arm-none-eabi/lib/thumb/v6-m/nofp\libc.a(lib_a-exit.o): in function `exit':
exit.c:(.text.exit+0x18): undefined reference to `_exit'
collect2.exe: error: ld returned 1 exit status


Compiling the CXX compiler identification source file "CMakeCXXCompilerId.cpp" failed.
Compiler: C:/VSARM/armcc/10 2021.10/bin/arm-none-eabi-g++.exe 
Build flags: ;-mcpu=cortex-m0plus;-mthumb
Id flags:  

The output was:
1
c:/vsarm/armcc/10 2021.10/bin/../lib/gcc/arm-none-eabi/10.3.1/../../../../arm-none-eabi/bin/ld.exe: c:/vsarm/armcc/10 2021.10/bin/../lib/gcc/arm-none-eabi/10.3.1/../../../../arm-none-eabi/lib/thumb/v6-m/nofp\libc.a(lib_a-exit.o): in function `exit':
exit.c:(.text.exit+0x18): undefined reference to `_exit'
collect2.exe: error: ld returned 1 exit status


Detecting C compiler ABI info failed to compile with the following output:
Change Dir: Z:/smartdoorbell/build/CMakeFiles/CMakeTmp

Run Build Command(s):nmake -f Makefile /nologo cmTC_177e6\fast && The system cannot find the file specified
Generator: execution of make failed. Make command was: nmake -f Makefile /nologo cmTC_177e6\fast && 



Determining if the C compiler works failed with the following output:
Change Dir: Z:/smartdoorbell/build/CMakeFiles/CMakeTmp

Run Build Command(s):nmake -f Makefile /nologo cmTC_da031\fast && The system cannot find the file specified
Generator: execution of make failed. Make command was: nmake -f Makefile /nologo cmTC_da031\fast && 


Compiling the C compiler identification source file "CMakeCCompilerId.c" failed.
Compiler: C:/VSARM/armcc/10 2021.10/bin/arm-none-eabi-gcc.exe 
Build flags: ;-mcpu=cortex-m0plus;-mthumb
Id flags:  

The output was:
1
c:/vsarm/armcc/10 2021.10/bin/../lib/gcc/arm-none-eabi/10.3.1/../../../../arm-none-eabi/bin/ld.exe: c:/vsarm/armcc/10 2021.10/bin/../lib/gcc/arm-none-eabi/10.3.1/../../../../arm-none-eabi/lib/thumb/v6-m/nofp\libc.a(lib_a-exit.o): in function `exit':
exit.c:(.text.exit+0x18): undefined reference to `_exit'
collect2.exe: error: ld returned 1 exit status


Compiling the CXX compiler identification source file "CMakeCXXCompilerId.cpp" failed.
Compiler: C:/VSARM/armcc/10 2021.10/bin/arm-none-eabi-g++.exe 
Build flags: ;-mcpu=cortex-m0plus;-mthumb
Id flags:  

The output was:
1
c:/vsarm/armcc/10 2021.10/bin/../lib/gcc/arm-none-eabi/10.3.1/../../../../arm-none-eabi/bin/ld.exe: c:/vsarm/armcc/10 2021.10/bin/../lib/gcc/arm-none-eabi/10.3.1/../../../../arm-none-eabi/lib/thumb/v6-m/nofp\libc.a(lib_a-exit.o): in function `exit':
exit.c:(.text.exit+0x18): undefined reference to `_exit'
collect2.exe: error: ld returned 1 exit status


